
D:\Dashboard\node_modules\uws>if not defined npm_config_node_gyp (node "C:\Program Files (x86)\nodejs\node_modules\npm\bin\node-gyp-bin\\..\..\node_modules\node-gyp\bin\node-gyp.js" rebuild )  else (node "" rebuild ) 
Building the projects in this solution one at a time. To enable parallel build, please add the "/m" switch.
  Extensions.cpp
  Group.cpp
  Networking.cpp
  Hub.cpp
  Node.cpp
d:\dashboard\node_modules\uws\src\Socket.h(26): warning C4275: non dll-interface struct 'Poll' used as base for dll-interface struct 'uS::Socket' (..\src\Hub.cpp) [D:\Dashboard\node_modules\uws\build\uws.vcxproj]
          d:\dashboard\node_modules\uws\src\Libuv.h(92) : see declaration of 'Poll'
          d:\dashboard\node_modules\uws\src\Socket.h(26) : see declaration of 'uS::Socket'
d:\dashboard\node_modules\uws\src\Socket.h(31): error C2797: 'uS::Socket::state': list initialization inside member initializer list or non-static data member initializer is not implemented (..\src\Hub.cpp) [D:\Dashboard\node_modules\uws\build\uws.vcxproj]
d:\dashboard\node_modules\uws\src\Socket.h(26): warning C4275: non dll-interface struct 'Poll' used as base for dll-interface struct 'uS::Socket' (..\src\Group.cpp) [D:\Dashboard\node_modules\uws\build\uws.vcxproj]
          d:\dashboard\node_modules\uws\src\Libuv.h(92) : see declaration of 'Poll'
          d:\dashboard\node_modules\uws\src\Socket.h(26) : see declaration of 'uS::Socket'
d:\dashboard\node_modules\uws\src\Socket.h(31): error C2797: 'uS::Socket::state': list initialization inside member initializer list or non-static data member initializer is not implemented (..\src\Group.cpp) [D:\Dashboard\node_modules\uws\build\uws.vcxproj]
  WebSocket.cpp
  HTTPSocket.cpp
  Socket.cpp
d:\dashboard\node_modules\uws\src\Socket.h(26): warning C4275: non dll-interface struct 'Poll' used as base for dll-interface struct 'uS::Socket' (..\src\Node.cpp) [D:\Dashboard\node_modules\uws\build\uws.vcxproj]
          d:\dashboard\node_modules\uws\src\Libuv.h(92) : see declaration of 'Poll'
          d:\dashboard\node_modules\uws\src\Socket.h(26) : see declaration of 'uS::Socket'
d:\dashboard\node_modules\uws\src\Socket.h(31): error C2797: 'uS::Socket::state': list initialization inside member initializer list or non-static data member initializer is not implemented (..\src\Node.cpp) [D:\Dashboard\node_modules\uws\build\uws.vcxproj]
  addon.cpp
d:\dashboard\node_modules\uws\src\Socket.h(26): warning C4275: non dll-interface struct 'Poll' used as base for dll-interface struct 'uS::Socket' (..\src\HTTPSocket.cpp) [D:\Dashboard\node_modules\uws\build\uws.vcxproj]
          d:\dashboard\node_modules\uws\src\Libuv.h(92) : see declaration of 'Poll'
          d:\dashboard\node_modules\uws\src\Socket.h(26) : see declaration of 'uS::Socket'
d:\dashboard\node_modules\uws\src\Socket.h(31): error C2797: 'uS::Socket::state': list initialization inside member initializer list or non-static data member initializer is not implemented (..\src\HTTPSocket.cpp) [D:\Dashboard\node_modules\uws\build\uws.vcxproj]
d:\dashboard\node_modules\uws\src\Socket.h(26): warning C4275: non dll-interface struct 'Poll' used as base for dll-interface struct 'uS::Socket' (..\src\WebSocket.cpp) [D:\Dashboard\node_modules\uws\build\uws.vcxproj]
          d:\dashboard\node_modules\uws\src\Libuv.h(92) : see declaration of 'Poll'
          d:\dashboard\node_modules\uws\src\Socket.h(26) : see declaration of 'uS::Socket'
d:\dashboard\node_modules\uws\src\Socket.h(31): error C2797: 'uS::Socket::state': list initialization inside member initializer list or non-static data member initializer is not implemented (..\src\WebSocket.cpp) [D:\Dashboard\node_modules\uws\build\uws.vcxproj]
  win_delay_load_hook.cc
d:\dashboard\node_modules\uws\src\Socket.h(26): warning C4275: non dll-interface struct 'Poll' used as base for dll-interface struct 'uS::Socket' (..\src\Socket.cpp) [D:\Dashboard\node_modules\uws\build\uws.vcxproj]
          d:\dashboard\node_modules\uws\src\Libuv.h(92) : see declaration of 'Poll'
          d:\dashboard\node_modules\uws\src\Socket.h(26) : see declaration of 'uS::Socket'
d:\dashboard\node_modules\uws\src\Socket.h(31): error C2797: 'uS::Socket::state': list initialization inside member initializer list or non-static data member initializer is not implemented (..\src\Socket.cpp) [D:\Dashboard\node_modules\uws\build\uws.vcxproj]
d:\dashboard\node_modules\uws\src\Socket.h(26): warning C4275: non dll-interface struct 'Poll' used as base for dll-interface struct 'uS::Socket' (..\src\addon.cpp) [D:\Dashboard\node_modules\uws\build\uws.vcxproj]
          d:\dashboard\node_modules\uws\src\Libuv.h(92) : see declaration of 'Poll'
          d:\dashboard\node_modules\uws\src\Socket.h(26) : see declaration of 'uS::Socket'
d:\dashboard\node_modules\uws\src\Socket.h(31): error C2797: 'uS::Socket::state': list initialization inside member initializer list or non-static data member initializer is not implemented (..\src\addon.cpp) [D:\Dashboard\node_modules\uws\build\uws.vcxproj]
d:\dashboard\node_modules\uws\src\addon.h(225): warning C4244: '=' : conversion from 'int64_t' to 'uv_os_sock_t', possible loss of data (..\src\addon.cpp) [D:\Dashboard\node_modules\uws\build\uws.vcxproj]
d:\dashboard\node_modules\uws\src\addon.h(416): warning C4244: 'argument' : conversion from 'int64_t' to 'int', possible loss of data (..\src\addon.cpp) [D:\Dashboard\node_modules\uws\build\uws.vcxproj]
d:\dashboard\node_modules\uws\src\addon.h(425): warning C4244: 'argument' : conversion from 'int64_t' to 'int', possible loss of data (..\src\addon.cpp) [D:\Dashboard\node_modules\uws\build\uws.vcxproj]
d:\dashboard\node_modules\uws\src\http.h(149): warning C4018: '<' : signed/unsigned mismatch (..\src\addon.cpp) [D:\Dashboard\node_modules\uws\build\uws.vcxproj]
d:\dashboard\node_modules\uws\src\http.h(308): warning C4244: 'argument' : conversion from 'int64_t' to 'int', possible loss of data (..\src\addon.cpp) [D:\Dashboard\node_modules\uws\build\uws.vcxproj]
gyp ERR! build error 
gyp ERR! stack Error: `C:\Program Files (x86)\MSBuild\12.0\bin\msbuild.exe` failed with exit code: 1
gyp ERR! stack     at ChildProcess.onExit (C:\Program Files (x86)\nodejs\node_modules\npm\node_modules\node-gyp\lib\build.js:276:23)
gyp ERR! stack     at emitTwo (events.js:106:13)
gyp ERR! stack     at ChildProcess.emit (events.js:191:7)
gyp ERR! stack     at Process.ChildProcess._handle.onexit (internal/child_process.js:215:12)
gyp ERR! System Windows_NT 6.3.9600
gyp ERR! command "C:\\Program Files (x86)\\nodejs\\node.exe" "C:\\Program Files (x86)\\nodejs\\node_modules\\npm\\node_modules\\node-gyp\\bin\\node-gyp.js" "rebuild"
gyp ERR! cwd D:\Dashboard\node_modules\uws
gyp ERR! node -v v6.11.1
gyp ERR! node-gyp -v v3.4.0
gyp ERR! not ok 
